# JRE version: Java(TM) SE Runtime Environment (20.0.1+9) (build 20.0.1+9-29)
# Java VM: Java HotSpot(TM) 64-Bit Server VM (20.0.1+9-29, mixed mode, sharing, tiered, compressed oops, compressed class ptrs, g1 gc, windows-amd64)
GC Precious Log:
 CardTable entry size: 512
 Card Set container configuration: InlinePtr #cards 4 size 8 Array Of Cards #cards 16 size 48 Howl #buckets 8 coarsen threshold 3686 Howl Bitmap #cards 512 size 80 coarsen threshold 460 Card regions per heap region 1 cards per card region 4096
 CPUs: 4 total, 4 available
 Memory: 16264M
 Large Page Support: Disabled
 NUMA Support: Disabled
 Compressed Oops: Enabled (Zero based)
 Heap Region Size: 2M
 Heap Min Capacity: 8M
 Heap Initial Capacity: 256M
 Heap Max Capacity: 4068M
 Pre-touch: Disabled
 Parallel Workers: 4
 Concurrent Workers: 1
 Concurrent Refinement Workers: 4
 Periodic GC: Disabled
Heap:
 garbage-first heap   total 358400K, used 155967K [0x0000000701c00000, 0x0000000800000000)
  region size 2048K, 3 young (6144K), 2 survivors (4096K)
 Metaspace       used 39357K, committed 39808K, reserved 1114112K
  class space    used 4670K, committed 4864K, reserved 1048576K
GC Heap History (20 events):
Event: 6.835 GC heap before
{Heap before GC invocations=29 (full 0):
 garbage-first heap   total 221184K, used 98801K [0x0000000701c00000, 0x0000000800000000)
  region size 2048K, 3 young (6144K), 1 survivors (2048K)
 Metaspace       used 34067K, committed 34496K, reserved 1114112K
  class space    used 3935K, committed 4096K, reserved 1048576K
}
Event: 6.839 GC heap after
{Heap after GC invocations=30 (full 0):
 garbage-first heap   total 221184K, used 55874K [0x0000000701c00000, 0x0000000800000000)
  region size 2048K, 2 young (4096K), 2 survivors (4096K)
 Metaspace       used 34067K, committed 34496K, reserved 1114112K
  class space    used 3935K, committed 4096K, reserved 1048576K
}
Event: 7.180 GC heap before
{Heap before GC invocations=30 (full 0):
 garbage-first heap   total 221184K, used 102978K [0x0000000701c00000, 0x0000000800000000)
  region size 2048K, 6 young (12288K), 2 survivors (4096K)
 Metaspace       used 35818K, committed 36224K, reserved 1114112K
  class space    used 4173K, committed 4352K, reserved 1048576K
}
Event: 7.184 GC heap after
{Heap after GC invocations=31 (full 0):
 garbage-first heap   total 221184K, used 88857K [0x0000000701c00000, 0x0000000800000000)
  region size 2048K, 2 young (4096K), 2 survivors (4096K)
 Metaspace       used 35818K, committed 36224K, reserved 1114112K
  class space    used 4173K, committed 4352K, reserved 1048576K
}
Event: 7.215 GC heap before
{Heap before GC invocations=31 (full 0):
 garbage-first heap   total 221184K, used 95001K [0x0000000701c00000, 0x0000000800000000)
  region size 2048K, 3 young (6144K), 2 survivors (4096K)
 Metaspace       used 35856K, committed 36288K, reserved 1114112K
  class space    used 4179K, committed 4352K, reserved 1048576K
}
Event: 7.219 GC heap after
{Heap after GC invocations=32 (full 0):
 garbage-first heap   total 221184K, used 62258K [0x0000000701c00000, 0x0000000800000000)
  region size 2048K, 2 young (4096K), 2 survivors (4096K)
 Metaspace       used 35856K, committed 36288K, reserved 1114112K
  class space    used 4179K, committed 4352K, reserved 1048576K
}
Event: 7.512 GC heap before
{Heap before GC invocations=32 (full 0):
 garbage-first heap   total 221184K, used 95026K [0x0000000701c00000, 0x0000000800000000)
  region size 2048K, 3 young (6144K), 2 survivors (4096K)
 Metaspace       used 35858K, committed 36288K, reserved 1114112K
  class space    used 4179K, committed 4352K, reserved 1048576K
}
Event: 7.517 GC heap after
{Heap after GC invocations=33 (full 0):
 garbage-first heap   total 358400K, used 87107K [0x0000000701c00000, 0x0000000800000000)
  region size 2048K, 2 young (4096K), 2 survivors (4096K)
 Metaspace       used 35858K, committed 36288K, reserved 1114112K
  class space    used 4179K, committed 4352K, reserved 1048576K
}
Event: 8.973 GC heap before
{Heap before GC invocations=33 (full 0):
 garbage-first heap   total 358400K, used 160835K [0x0000000701c00000, 0x0000000800000000)
  region size 2048K, 3 young (6144K), 2 survivors (4096K)
 Metaspace       used 35882K, committed 36288K, reserved 1114112K
  class space    used 4179K, committed 4352K, reserved 1048576K
}
Event: 8.978 GC heap after
{Heap after GC invocations=34 (full 0):
 garbage-first heap   total 358400K, used 128058K [0x0000000701c00000, 0x0000000800000000)
  region size 2048K, 2 young (4096K), 2 survivors (4096K)
 Metaspace       used 35882K, committed 36288K, reserved 1114112K
  class space    used 4179K, committed 4352K, reserved 1048576K
}
Event: 9.481 GC heap before
{Heap before GC invocations=34 (full 0):
 garbage-first heap   total 358400K, used 169018K [0x0000000701c00000, 0x0000000800000000)
  region size 2048K, 7 young (14336K), 2 survivors (4096K)
 Metaspace       used 37229K, committed 37696K, reserved 1114112K
  class space    used 4380K, committed 4608K, reserved 1048576K
}
Event: 9.486 GC heap after
{Heap after GC invocations=35 (full 0):
 garbage-first heap   total 358400K, used 87665K [0x0000000701c00000, 0x0000000800000000)
  region size 2048K, 2 young (4096K), 2 survivors (4096K)
 Metaspace       used 37229K, committed 37696K, reserved 1114112K
  class space    used 4380K, committed 4608K, reserved 1048576K
}
Event: 10.418 GC heap before
{Heap before GC invocations=35 (full 0):
 garbage-first heap   total 358400K, used 171633K [0x0000000701c00000, 0x0000000800000000)
  region size 2048K, 8 young (16384K), 2 survivors (4096K)
 Metaspace       used 39235K, committed 39680K, reserved 1114112K
  class space    used 4670K, committed 4864K, reserved 1048576K
}
Event: 10.424 GC heap after
{Heap after GC invocations=36 (full 0):
 garbage-first heap   total 358400K, used 129440K [0x0000000701c00000, 0x0000000800000000)
  region size 2048K, 2 young (4096K), 2 survivors (4096K)
 Metaspace       used 39235K, committed 39680K, reserved 1114112K
  class space    used 4670K, committed 4864K, reserved 1048576K
}
Event: 10.710 GC heap before
{Heap before GC invocations=36 (full 0):
 garbage-first heap   total 358400K, used 162208K [0x0000000701c00000, 0x0000000800000000)
  region size 2048K, 3 young (6144K), 2 survivors (4096K)
 Metaspace       used 39263K, committed 39680K, reserved 1114112K
  class space    used 4670K, committed 4864K, reserved 1048576K
}
Event: 10.716 GC heap after
{Heap after GC invocations=37 (full 0):
 garbage-first heap   total 358400K, used 88266K [0x0000000701c00000, 0x0000000800000000)
  region size 2048K, 2 young (4096K), 2 survivors (4096K)
 Metaspace       used 39263K, committed 39680K, reserved 1114112K
  class space    used 4670K, committed 4864K, reserved 1048576K
}
Event: 11.590 GC heap before
{Heap before GC invocations=37 (full 0):
 garbage-first heap   total 358400K, used 164042K [0x0000000701c00000, 0x0000000800000000)
  region size 2048K, 4 young (8192K), 2 survivors (4096K)
 Metaspace       used 39273K, committed 39680K, reserved 1114112K
  class space    used 4670K, committed 4864K, reserved 1048576K
}
Event: 11.597 GC heap after
{Heap after GC invocations=38 (full 0):
 garbage-first heap   total 358400K, used 129089K [0x0000000701c00000, 0x0000000800000000)
  region size 2048K, 2 young (4096K), 2 survivors (4096K)
 Metaspace       used 39273K, committed 39680K, reserved 1114112K
  class space    used 4670K, committed 4864K, reserved 1048576K
}
Event: 12.089 GC heap before
{Heap before GC invocations=38 (full 0):
 garbage-first heap   total 358400K, used 161857K [0x0000000701c00000, 0x0000000800000000)
  region size 2048K, 3 young (6144K), 2 survivors (4096K)
 Metaspace       used 39302K, committed 39744K, reserved 1114112K
  class space    used 4670K, committed 4864K, reserved 1048576K
}
Event: 12.094 GC heap after
{Heap after GC invocations=39 (full 0):
 garbage-first heap   total 358400K, used 88383K [0x0000000701c00000, 0x0000000800000000)
  region size 2048K, 2 young (4096K), 2 survivors (4096K)
 Metaspace       used 39302K, committed 39744K, reserved 1114112K
  class space    used 4670K, committed 4864K, reserved 1048576K
}

