# JRE version: Java(TM) SE Runtime Environment (20.0.1+9) (build 20.0.1+9-29)
# Java VM: Java HotSpot(TM) 64-Bit Server VM (20.0.1+9-29, mixed mode, sharing, tiered, compressed oops, compressed class ptrs, g1 gc, windows-amd64)
GC Precious Log:
 CardTable entry size: 512
 Card Set container configuration: InlinePtr #cards 4 size 8 Array Of Cards #cards 16 size 48 Howl #buckets 8 coarsen threshold 3686 Howl Bitmap #cards 512 size 80 coarsen threshold 460 Card regions per heap region 1 cards per card region 4096
 CPUs: 4 total, 4 available
 Memory: 16264M
 Large Page Support: Disabled
 NUMA Support: Disabled
 Compressed Oops: Enabled (Zero based)
 Heap Region Size: 2M
 Heap Min Capacity: 8M
 Heap Initial Capacity: 256M
 Heap Max Capacity: 4068M
 Pre-touch: Disabled
 Parallel Workers: 4
 Concurrent Workers: 1
 Concurrent Refinement Workers: 4
 Periodic GC: Disabled
Heap:
 garbage-first heap   total 532480K, used 104060K [0x0000000701c00000, 0x0000000800000000)
  region size 2048K, 1 young (2048K), 1 survivors (2048K)
 Metaspace       used 39542K, committed 39936K, reserved 1114112K
  class space    used 4689K, committed 4864K, reserved 1048576K
GC Heap History (20 events):
Event: 11.328 GC heap after
{Heap after GC invocations=19 (full 0):
 garbage-first heap   total 425984K, used 87651K [0x0000000701c00000, 0x0000000800000000)
  region size 2048K, 1 young (2048K), 1 survivors (2048K)
 Metaspace       used 39262K, committed 39744K, reserved 1114112K
  class space    used 4668K, committed 4864K, reserved 1048576K
}
Event: 11.411 GC heap before
{Heap before GC invocations=19 (full 0):
 garbage-first heap   total 425984K, used 95843K [0x0000000701c00000, 0x0000000800000000)
  region size 2048K, 2 young (4096K), 1 survivors (2048K)
 Metaspace       used 39262K, committed 39744K, reserved 1114112K
  class space    used 4668K, committed 4864K, reserved 1048576K
}
Event: 11.416 GC heap after
{Heap after GC invocations=20 (full 0):
 garbage-first heap   total 425984K, used 71154K [0x0000000701c00000, 0x0000000800000000)
  region size 2048K, 1 young (2048K), 1 survivors (2048K)
 Metaspace       used 39262K, committed 39744K, reserved 1114112K
  class space    used 4668K, committed 4864K, reserved 1048576K
}
Event: 11.574 GC heap before
{Heap before GC invocations=20 (full 0):
 garbage-first heap   total 425984K, used 87538K [0x0000000701c00000, 0x0000000800000000)
  region size 2048K, 2 young (4096K), 1 survivors (2048K)
 Metaspace       used 39262K, committed 39744K, reserved 1114112K
  class space    used 4668K, committed 4864K, reserved 1048576K
}
Event: 11.577 GC heap after
{Heap after GC invocations=21 (full 0):
 garbage-first heap   total 425984K, used 79403K [0x0000000701c00000, 0x0000000800000000)
  region size 2048K, 1 young (2048K), 1 survivors (2048K)
 Metaspace       used 39262K, committed 39744K, reserved 1114112K
  class space    used 4668K, committed 4864K, reserved 1048576K
}
Event: 11.647 GC heap before
{Heap before GC invocations=21 (full 0):
 garbage-first heap   total 425984K, used 87595K [0x0000000701c00000, 0x0000000800000000)
  region size 2048K, 2 young (4096K), 1 survivors (2048K)
 Metaspace       used 39263K, committed 39744K, reserved 1114112K
  class space    used 4668K, committed 4864K, reserved 1048576K
}
Event: 11.652 GC heap after
{Heap after GC invocations=22 (full 0):
 garbage-first heap   total 532480K, used 71155K [0x0000000701c00000, 0x0000000800000000)
  region size 2048K, 1 young (2048K), 1 survivors (2048K)
 Metaspace       used 39263K, committed 39744K, reserved 1114112K
  class space    used 4668K, committed 4864K, reserved 1048576K
}
Event: 12.208 GC heap before
{Heap before GC invocations=22 (full 0):
 garbage-first heap   total 532480K, used 128499K [0x0000000701c00000, 0x0000000800000000)
  region size 2048K, 2 young (4096K), 1 survivors (2048K)
 Metaspace       used 39281K, committed 39744K, reserved 1114112K
  class space    used 4668K, committed 4864K, reserved 1048576K
}
Event: 12.211 GC heap after
{Heap after GC invocations=23 (full 0):
 garbage-first heap   total 532480K, used 120363K [0x0000000701c00000, 0x0000000800000000)
  region size 2048K, 1 young (2048K), 1 survivors (2048K)
 Metaspace       used 39281K, committed 39744K, reserved 1114112K
  class space    used 4668K, committed 4864K, reserved 1048576K
}
Event: 12.280 GC heap before
{Heap before GC invocations=23 (full 0):
 garbage-first heap   total 532480K, used 128555K [0x0000000701c00000, 0x0000000800000000)
  region size 2048K, 2 young (4096K), 1 survivors (2048K)
 Metaspace       used 39325K, committed 39808K, reserved 1114112K
  class space    used 4668K, committed 4864K, reserved 1048576K
}
Event: 12.283 GC heap after
{Heap after GC invocations=24 (full 0):
 garbage-first heap   total 532480K, used 71215K [0x0000000701c00000, 0x0000000800000000)
  region size 2048K, 1 young (2048K), 1 survivors (2048K)
 Metaspace       used 39325K, committed 39808K, reserved 1114112K
  class space    used 4668K, committed 4864K, reserved 1048576K
}
Event: 12.710 GC heap before
{Heap before GC invocations=24 (full 0):
 garbage-first heap   total 532480K, used 120367K [0x0000000701c00000, 0x0000000800000000)
  region size 2048K, 2 young (4096K), 1 survivors (2048K)
 Metaspace       used 39325K, committed 39808K, reserved 1114112K
  class space    used 4668K, committed 4864K, reserved 1048576K
}
Event: 12.713 GC heap after
{Heap after GC invocations=25 (full 0):
 garbage-first heap   total 532480K, used 112175K [0x0000000701c00000, 0x0000000800000000)
  region size 2048K, 1 young (2048K), 1 survivors (2048K)
 Metaspace       used 39325K, committed 39808K, reserved 1114112K
  class space    used 4668K, committed 4864K, reserved 1048576K
}
Event: 12.782 GC heap before
{Heap before GC invocations=25 (full 0):
 garbage-first heap   total 532480K, used 120367K [0x0000000701c00000, 0x0000000800000000)
  region size 2048K, 2 young (4096K), 1 survivors (2048K)
 Metaspace       used 39342K, committed 39808K, reserved 1114112K
  class space    used 4668K, committed 4864K, reserved 1048576K
}
Event: 12.786 GC heap after
{Heap after GC invocations=26 (full 0):
 garbage-first heap   total 532480K, used 71233K [0x0000000701c00000, 0x0000000800000000)
  region size 2048K, 1 young (2048K), 1 survivors (2048K)
 Metaspace       used 39342K, committed 39808K, reserved 1114112K
  class space    used 4668K, committed 4864K, reserved 1048576K
}
Event: 13.200 GC heap before
{Heap before GC invocations=26 (full 0):
 garbage-first heap   total 532480K, used 114241K [0x0000000701c00000, 0x0000000800000000)
  region size 2048K, 3 young (6144K), 1 survivors (2048K)
 Metaspace       used 39470K, committed 39936K, reserved 1114112K
  class space    used 4685K, committed 4864K, reserved 1048576K
}
Event: 13.203 GC heap after
{Heap after GC invocations=27 (full 0):
 garbage-first heap   total 532480K, used 104037K [0x0000000701c00000, 0x0000000800000000)
  region size 2048K, 1 young (2048K), 1 survivors (2048K)
 Metaspace       used 39470K, committed 39936K, reserved 1114112K
  class space    used 4685K, committed 4864K, reserved 1048576K
}
Event: 13.300 GC heap before
{Heap before GC invocations=27 (full 0):
 garbage-first heap   total 532480K, used 112229K [0x0000000701c00000, 0x0000000800000000)
  region size 2048K, 2 young (4096K), 1 survivors (2048K)
 Metaspace       used 39470K, committed 39936K, reserved 1114112K
  class space    used 4685K, committed 4864K, reserved 1048576K
}
Event: 13.303 GC heap after
{Heap after GC invocations=28 (full 0):
 garbage-first heap   total 532480K, used 71227K [0x0000000701c00000, 0x0000000800000000)
  region size 2048K, 1 young (2048K), 1 survivors (2048K)
 Metaspace       used 39470K, committed 39936K, reserved 1114112K
  class space    used 4685K, committed 4864K, reserved 1048576K
}
Event: 13.711 GC heap before
{Heap before GC invocations=28 (full 0):
 garbage-first heap   total 532480K, used 114235K [0x0000000701c00000, 0x0000000800000000)
  region size 2048K, 3 young (6144K), 1 survivors (2048K)
 Metaspace       used 39542K, committed 39936K, reserved 1114112K
  class space    used 4689K, committed 4864K, reserved 1048576K
}

